2023-01-12 18:14:16,702 - __main__ - INFO - Reading data and splitting it to train, test, validation
2023-01-12 18:14:16,760 - __main__ - INFO - Creating datasets
2023-01-12 18:14:18,188 - __main__ - INFO - Creating dataloaders
2023-01-12 18:14:21,440 - __main__ - INFO - Starting training loop
2023-01-12 18:15:42,933 - __main__ - INFO - Epoch 1 - Training Loss: 1.695
2023-01-12 18:15:42,933 - __main__ - INFO - Epoch 1 - Training Accuracy: 0.6597222089767456
2023-01-12 18:15:42,934 - __main__ - INFO - Epoch 1 - Training F1-macro: 0.599
2023-01-12 18:15:54,118 - __main__ - INFO - Epoch 1 - Validation Loss: 2.125
2023-01-12 18:15:54,118 - __main__ - INFO - Epoch 1 - Validation Accuracy: 0.8784722089767456
2023-01-12 18:15:54,119 - __main__ - INFO - Epoch 1 - Validation f1-macro: 0.852
2023-01-12 18:17:19,543 - __main__ - INFO - Epoch 2 - Training Loss: 1.607
2023-01-12 18:17:19,544 - __main__ - INFO - Epoch 2 - Training Accuracy: 0.6723090410232544
2023-01-12 18:17:19,544 - __main__ - INFO - Epoch 2 - Training F1-macro: 0.616
2023-01-12 18:17:30,316 - __main__ - INFO - Epoch 2 - Validation Loss: 2.426
2023-01-12 18:17:30,316 - __main__ - INFO - Epoch 2 - Validation Accuracy: 0.8784722089767456
2023-01-12 18:17:30,317 - __main__ - INFO - Epoch 2 - Validation f1-macro: 0.852
2023-01-12 18:18:55,857 - __main__ - INFO - Epoch 3 - Training Loss: 1.544
2023-01-12 18:18:55,857 - __main__ - INFO - Epoch 3 - Training Accuracy: 0.682725727558136
2023-01-12 18:18:55,857 - __main__ - INFO - Epoch 3 - Training F1-macro: 0.626
2023-01-12 18:19:06,562 - __main__ - INFO - Epoch 3 - Validation Loss: 2.012
2023-01-12 18:19:06,562 - __main__ - INFO - Epoch 3 - Validation Accuracy: 0.8784722089767456
2023-01-12 18:19:06,562 - __main__ - INFO - Epoch 3 - Validation f1-macro: 0.852
2023-01-12 18:20:33,356 - __main__ - INFO - Epoch 4 - Training Loss: 1.441
2023-01-12 18:20:33,356 - __main__ - INFO - Epoch 4 - Training Accuracy: 0.6840277910232544
2023-01-12 18:20:33,357 - __main__ - INFO - Epoch 4 - Training F1-macro: 0.627
2023-01-12 18:20:44,018 - __main__ - INFO - Epoch 4 - Validation Loss: 1.878
2023-01-12 18:20:44,019 - __main__ - INFO - Epoch 4 - Validation Accuracy: 0.8784722089767456
2023-01-12 18:20:44,019 - __main__ - INFO - Epoch 4 - Validation f1-macro: 0.852
2023-01-12 18:22:11,104 - __main__ - INFO - Epoch 5 - Training Loss: 1.331
2023-01-12 18:22:11,104 - __main__ - INFO - Epoch 5 - Training Accuracy: 0.6857638955116272
2023-01-12 18:22:11,104 - __main__ - INFO - Epoch 5 - Training F1-macro: 0.628
2023-01-12 18:22:21,836 - __main__ - INFO - Epoch 5 - Validation Loss: 1.779
2023-01-12 18:22:21,841 - __main__ - INFO - Epoch 5 - Validation Accuracy: 0.8784722089767456
2023-01-12 18:22:21,842 - __main__ - INFO - Epoch 5 - Validation f1-macro: 0.852
2023-01-12 18:23:48,616 - __main__ - INFO - Epoch 6 - Training Loss: 1.231
2023-01-12 18:23:48,617 - __main__ - INFO - Epoch 6 - Training Accuracy: 0.6861979365348816
2023-01-12 18:23:48,617 - __main__ - INFO - Epoch 6 - Training F1-macro: 0.627
2023-01-12 18:23:59,302 - __main__ - INFO - Epoch 6 - Validation Loss: 1.701
2023-01-12 18:23:59,303 - __main__ - INFO - Epoch 6 - Validation Accuracy: 0.8784722089767456
2023-01-12 18:23:59,303 - __main__ - INFO - Epoch 6 - Validation f1-macro: 0.852
2023-01-12 18:25:26,238 - __main__ - INFO - Epoch 7 - Training Loss: 1.185
2023-01-12 18:25:26,238 - __main__ - INFO - Epoch 7 - Training Accuracy: 0.7000868320465088
2023-01-12 18:25:26,239 - __main__ - INFO - Epoch 7 - Training F1-macro: 0.644
2023-01-12 18:25:36,893 - __main__ - INFO - Epoch 7 - Validation Loss: 1.588
2023-01-12 18:25:36,900 - __main__ - INFO - Epoch 7 - Validation Accuracy: 0.8784722089767456
2023-01-12 18:25:36,900 - __main__ - INFO - Epoch 7 - Validation f1-macro: 0.852
2023-01-12 18:27:03,785 - __main__ - INFO - Epoch 8 - Training Loss: 1.125
2023-01-12 18:27:03,785 - __main__ - INFO - Epoch 8 - Training Accuracy: 0.703125
2023-01-12 18:27:03,786 - __main__ - INFO - Epoch 8 - Training F1-macro: 0.648
2023-01-12 18:27:14,460 - __main__ - INFO - Epoch 8 - Validation Loss: 1.503
2023-01-12 18:27:14,461 - __main__ - INFO - Epoch 8 - Validation Accuracy: 0.8784722089767456
2023-01-12 18:27:14,461 - __main__ - INFO - Epoch 8 - Validation f1-macro: 0.852
2023-01-12 18:28:41,559 - __main__ - INFO - Epoch 9 - Training Loss: 1.053
2023-01-12 18:28:41,559 - __main__ - INFO - Epoch 9 - Training Accuracy: 0.7005208134651184
2023-01-12 18:28:41,560 - __main__ - INFO - Epoch 9 - Training F1-macro: 0.644
2023-01-12 18:28:52,280 - __main__ - INFO - Epoch 9 - Validation Loss: 1.506
2023-01-12 18:28:52,280 - __main__ - INFO - Epoch 9 - Validation Accuracy: 0.8784722089767456
2023-01-12 18:28:52,281 - __main__ - INFO - Epoch 9 - Validation f1-macro: 0.852
2023-01-12 18:30:17,734 - __main__ - INFO - Epoch 10 - Training Loss: 0.991
2023-01-12 18:30:17,735 - __main__ - INFO - Epoch 10 - Training Accuracy: 0.7018229365348816
2023-01-12 18:30:17,735 - __main__ - INFO - Epoch 10 - Training F1-macro: 0.643
2023-01-12 18:30:28,423 - __main__ - INFO - Epoch 10 - Validation Loss: 1.531
2023-01-12 18:30:28,423 - __main__ - INFO - Epoch 10 - Validation Accuracy: 0.8784722089767456
2023-01-12 18:30:28,424 - __main__ - INFO - Epoch 10 - Validation f1-macro: 0.852
2023-01-12 18:31:54,078 - __main__ - INFO - Epoch 11 - Training Loss: 0.943
2023-01-12 18:31:54,079 - __main__ - INFO - Epoch 11 - Training Accuracy: 0.7109375
2023-01-12 18:31:54,079 - __main__ - INFO - Epoch 11 - Training F1-macro: 0.654
2023-01-12 18:32:04,718 - __main__ - INFO - Epoch 11 - Validation Loss: 1.542
2023-01-12 18:32:04,718 - __main__ - INFO - Epoch 11 - Validation Accuracy: 0.8784722089767456
2023-01-12 18:32:04,719 - __main__ - INFO - Epoch 11 - Validation f1-macro: 0.852
2023-01-12 18:33:30,182 - __main__ - INFO - Epoch 12 - Training Loss: 0.897
2023-01-12 18:33:30,182 - __main__ - INFO - Epoch 12 - Training Accuracy: 0.7131076455116272
2023-01-12 18:33:30,183 - __main__ - INFO - Epoch 12 - Training F1-macro: 0.656
2023-01-12 18:33:40,896 - __main__ - INFO - Epoch 12 - Validation Loss: 1.541
2023-01-12 18:33:40,896 - __main__ - INFO - Epoch 12 - Validation Accuracy: 0.8784722089767456
2023-01-12 18:33:40,896 - __main__ - INFO - Epoch 12 - Validation f1-macro: 0.852
2023-01-12 18:35:06,762 - __main__ - INFO - Epoch 13 - Training Loss: 0.858
2023-01-12 18:35:06,763 - __main__ - INFO - Epoch 13 - Training Accuracy: 0.7109375
2023-01-12 18:35:06,763 - __main__ - INFO - Epoch 13 - Training F1-macro: 0.654
2023-01-12 18:35:17,507 - __main__ - INFO - Epoch 13 - Validation Loss: 1.521
2023-01-12 18:35:17,507 - __main__ - INFO - Epoch 13 - Validation Accuracy: 0.8784722089767456
2023-01-12 18:35:17,508 - __main__ - INFO - Epoch 13 - Validation f1-macro: 0.852
2023-01-12 18:36:43,565 - __main__ - INFO - Epoch 14 - Training Loss: 0.823
2023-01-12 18:36:43,565 - __main__ - INFO - Epoch 14 - Training Accuracy: 0.7109375
2023-01-12 18:36:43,566 - __main__ - INFO - Epoch 14 - Training F1-macro: 0.654
2023-01-12 18:36:54,299 - __main__ - INFO - Epoch 14 - Validation Loss: 1.481
2023-01-12 18:36:54,300 - __main__ - INFO - Epoch 14 - Validation Accuracy: 0.8784722089767456
2023-01-12 18:36:54,300 - __main__ - INFO - Epoch 14 - Validation f1-macro: 0.852
2023-01-12 18:38:21,364 - __main__ - INFO - Epoch 15 - Training Loss: 0.79
2023-01-12 18:38:21,365 - __main__ - INFO - Epoch 15 - Training Accuracy: 0.7118055820465088
2023-01-12 18:38:21,365 - __main__ - INFO - Epoch 15 - Training F1-macro: 0.657
2023-01-12 18:38:32,087 - __main__ - INFO - Epoch 15 - Validation Loss: 1.421
2023-01-12 18:38:32,087 - __main__ - INFO - Epoch 15 - Validation Accuracy: 0.8784722089767456
2023-01-12 18:38:32,088 - __main__ - INFO - Epoch 15 - Validation f1-macro: 0.852
2023-01-12 18:39:59,038 - __main__ - INFO - Epoch 16 - Training Loss: 0.754
2023-01-12 18:39:59,039 - __main__ - INFO - Epoch 16 - Training Accuracy: 0.7144097089767456
2023-01-12 18:39:59,039 - __main__ - INFO - Epoch 16 - Training F1-macro: 0.658
2023-01-12 18:40:09,782 - __main__ - INFO - Epoch 16 - Validation Loss: 1.35
2023-01-12 18:40:09,783 - __main__ - INFO - Epoch 16 - Validation Accuracy: 0.8784722089767456
2023-01-12 18:40:09,783 - __main__ - INFO - Epoch 16 - Validation f1-macro: 0.852
2023-01-12 18:41:36,828 - __main__ - INFO - Epoch 17 - Training Loss: 0.723
2023-01-12 18:41:36,828 - __main__ - INFO - Epoch 17 - Training Accuracy: 0.7183159589767456
2023-01-12 18:41:36,829 - __main__ - INFO - Epoch 17 - Training F1-macro: 0.661
2023-01-12 18:41:47,577 - __main__ - INFO - Epoch 17 - Validation Loss: 1.275
2023-01-12 18:41:47,577 - __main__ - INFO - Epoch 17 - Validation Accuracy: 0.8784722089767456
2023-01-12 18:41:47,578 - __main__ - INFO - Epoch 17 - Validation f1-macro: 0.852
2023-01-12 18:43:14,750 - __main__ - INFO - Epoch 18 - Training Loss: 0.696
2023-01-12 18:43:14,750 - __main__ - INFO - Epoch 18 - Training Accuracy: 0.7191840410232544
2023-01-12 18:43:14,750 - __main__ - INFO - Epoch 18 - Training F1-macro: 0.662
2023-01-12 18:43:25,495 - __main__ - INFO - Epoch 18 - Validation Loss: 1.201
2023-01-12 18:43:25,495 - __main__ - INFO - Epoch 18 - Validation Accuracy: 0.8784722089767456
2023-01-12 18:43:25,496 - __main__ - INFO - Epoch 18 - Validation f1-macro: 0.852
2023-01-12 18:44:52,678 - __main__ - INFO - Epoch 19 - Training Loss: 0.672
2023-01-12 18:44:52,679 - __main__ - INFO - Epoch 19 - Training Accuracy: 0.7209201455116272
2023-01-12 18:44:52,679 - __main__ - INFO - Epoch 19 - Training F1-macro: 0.663
2023-01-12 18:45:03,420 - __main__ - INFO - Epoch 19 - Validation Loss: 1.13
2023-01-12 18:45:03,420 - __main__ - INFO - Epoch 19 - Validation Accuracy: 0.8784722089767456
2023-01-12 18:45:03,421 - __main__ - INFO - Epoch 19 - Validation f1-macro: 0.852
2023-01-12 18:46:30,670 - __main__ - INFO - Epoch 20 - Training Loss: 0.651
2023-01-12 18:46:30,671 - __main__ - INFO - Epoch 20 - Training Accuracy: 0.72265625
2023-01-12 18:46:30,671 - __main__ - INFO - Epoch 20 - Training F1-macro: 0.666
2023-01-12 18:46:41,409 - __main__ - INFO - Epoch 20 - Validation Loss: 1.065
2023-01-12 18:46:41,410 - __main__ - INFO - Epoch 20 - Validation Accuracy: 0.8784722089767456
2023-01-12 18:46:41,411 - __main__ - INFO - Epoch 20 - Validation f1-macro: 0.852
2023-01-12 18:48:08,613 - __main__ - INFO - Epoch 21 - Training Loss: 0.632
2023-01-12 18:48:08,613 - __main__ - INFO - Epoch 21 - Training Accuracy: 0.7230902910232544
2023-01-12 18:48:08,614 - __main__ - INFO - Epoch 21 - Training F1-macro: 0.666
2023-01-12 18:48:19,302 - __main__ - INFO - Epoch 21 - Validation Loss: 1.008
2023-01-12 18:48:19,302 - __main__ - INFO - Epoch 21 - Validation Accuracy: 0.8784722089767456
2023-01-12 18:48:19,303 - __main__ - INFO - Epoch 21 - Validation f1-macro: 0.852
2023-01-12 18:49:46,455 - __main__ - INFO - Epoch 22 - Training Loss: 0.617
2023-01-12 18:49:46,455 - __main__ - INFO - Epoch 22 - Training Accuracy: 0.7348090410232544
2023-01-12 18:49:46,456 - __main__ - INFO - Epoch 22 - Training F1-macro: 0.68
2023-01-12 18:49:57,119 - __main__ - INFO - Epoch 22 - Validation Loss: 0.959
2023-01-12 18:49:57,120 - __main__ - INFO - Epoch 22 - Validation Accuracy: 0.8784722089767456
2023-01-12 18:49:57,120 - __main__ - INFO - Epoch 22 - Validation f1-macro: 0.852
2023-01-12 18:51:24,309 - __main__ - INFO - Epoch 23 - Training Loss: 0.604
2023-01-12 18:51:24,309 - __main__ - INFO - Epoch 23 - Training Accuracy: 0.73828125
2023-01-12 18:51:24,309 - __main__ - INFO - Epoch 23 - Training F1-macro: 0.684
2023-01-12 18:51:34,958 - __main__ - INFO - Epoch 23 - Validation Loss: 0.919
2023-01-12 18:51:34,958 - __main__ - INFO - Epoch 23 - Validation Accuracy: 0.8784722089767456
2023-01-12 18:51:34,958 - __main__ - INFO - Epoch 23 - Validation f1-macro: 0.852
2023-01-12 18:53:02,010 - __main__ - INFO - Epoch 24 - Training Loss: 0.593
2023-01-12 18:53:02,011 - __main__ - INFO - Epoch 24 - Training Accuracy: 0.7434895634651184
2023-01-12 18:53:02,011 - __main__ - INFO - Epoch 24 - Training F1-macro: 0.69
2023-01-12 18:53:12,671 - __main__ - INFO - Epoch 24 - Validation Loss: 0.885
2023-01-12 18:53:12,672 - __main__ - INFO - Epoch 24 - Validation Accuracy: 0.8784722089767456
2023-01-12 18:53:12,672 - __main__ - INFO - Epoch 24 - Validation f1-macro: 0.852
2023-01-12 18:54:39,880 - __main__ - INFO - Epoch 25 - Training Loss: 0.583
2023-01-12 18:54:39,881 - __main__ - INFO - Epoch 25 - Training Accuracy: 0.7465277910232544
2023-01-12 18:54:39,881 - __main__ - INFO - Epoch 25 - Training F1-macro: 0.692
2023-01-12 18:54:50,601 - __main__ - INFO - Epoch 25 - Validation Loss: 0.854
2023-01-12 18:54:50,601 - __main__ - INFO - Epoch 25 - Validation Accuracy: 0.8784722089767456
2023-01-12 18:54:50,601 - __main__ - INFO - Epoch 25 - Validation f1-macro: 0.852
2023-01-12 18:56:17,756 - __main__ - INFO - Epoch 26 - Training Loss: 0.574
2023-01-12 18:56:17,756 - __main__ - INFO - Epoch 26 - Training Accuracy: 0.7469618320465088
2023-01-12 18:56:17,757 - __main__ - INFO - Epoch 26 - Training F1-macro: 0.691
2023-01-12 18:56:28,485 - __main__ - INFO - Epoch 26 - Validation Loss: 0.823
2023-01-12 18:56:28,486 - __main__ - INFO - Epoch 26 - Validation Accuracy: 0.8784722089767456
2023-01-12 18:56:28,486 - __main__ - INFO - Epoch 26 - Validation f1-macro: 0.852
2023-01-12 18:57:55,745 - __main__ - INFO - Epoch 27 - Training Loss: 0.565
2023-01-12 18:57:55,746 - __main__ - INFO - Epoch 27 - Training Accuracy: 0.7478298544883728
2023-01-12 18:57:55,746 - __main__ - INFO - Epoch 27 - Training F1-macro: 0.692
2023-01-12 18:58:06,459 - __main__ - INFO - Epoch 27 - Validation Loss: 0.79
2023-01-12 18:58:06,460 - __main__ - INFO - Epoch 27 - Validation Accuracy: 0.8784722089767456
2023-01-12 18:58:06,460 - __main__ - INFO - Epoch 27 - Validation f1-macro: 0.852
2023-01-12 18:59:33,565 - __main__ - INFO - Epoch 28 - Training Loss: 0.558
2023-01-12 18:59:33,566 - __main__ - INFO - Epoch 28 - Training Accuracy: 0.753038227558136
2023-01-12 18:59:33,566 - __main__ - INFO - Epoch 28 - Training F1-macro: 0.697
2023-01-12 18:59:44,316 - __main__ - INFO - Epoch 28 - Validation Loss: 0.755
2023-01-12 18:59:44,316 - __main__ - INFO - Epoch 28 - Validation Accuracy: 0.8784722089767456
2023-01-12 18:59:44,317 - __main__ - INFO - Epoch 28 - Validation f1-macro: 0.852
2023-01-12 19:01:11,682 - __main__ - INFO - Epoch 29 - Training Loss: 0.551
2023-01-12 19:01:11,683 - __main__ - INFO - Epoch 29 - Training Accuracy: 0.7552083134651184
2023-01-12 19:01:11,683 - __main__ - INFO - Epoch 29 - Training F1-macro: 0.698
2023-01-12 19:01:22,423 - __main__ - INFO - Epoch 29 - Validation Loss: 0.716
2023-01-12 19:01:22,424 - __main__ - INFO - Epoch 29 - Validation Accuracy: 0.8784722089767456
2023-01-12 19:01:22,424 - __main__ - INFO - Epoch 29 - Validation f1-macro: 0.852
2023-01-12 19:02:49,919 - __main__ - INFO - Epoch 30 - Training Loss: 0.546
2023-01-12 19:02:49,919 - __main__ - INFO - Epoch 30 - Training Accuracy: 0.7517361044883728
2023-01-12 19:02:49,920 - __main__ - INFO - Epoch 30 - Training F1-macro: 0.694
2023-01-12 19:03:00,678 - __main__ - INFO - Epoch 30 - Validation Loss: 0.675
2023-01-12 19:03:00,679 - __main__ - INFO - Epoch 30 - Validation Accuracy: 0.8784722089767456
2023-01-12 19:03:00,679 - __main__ - INFO - Epoch 30 - Validation f1-macro: 0.852
2023-01-12 19:04:27,899 - __main__ - INFO - Epoch 31 - Training Loss: 0.541
2023-01-12 19:04:27,899 - __main__ - INFO - Epoch 31 - Training Accuracy: 0.7517361044883728
2023-01-12 19:04:27,900 - __main__ - INFO - Epoch 31 - Training F1-macro: 0.694
2023-01-12 19:04:38,605 - __main__ - INFO - Epoch 31 - Validation Loss: 0.635
2023-01-12 19:04:38,606 - __main__ - INFO - Epoch 31 - Validation Accuracy: 0.8784722089767456
2023-01-12 19:04:38,606 - __main__ - INFO - Epoch 31 - Validation f1-macro: 0.852
2023-01-12 19:06:05,633 - __main__ - INFO - Epoch 32 - Training Loss: 0.537
2023-01-12 19:06:05,633 - __main__ - INFO - Epoch 32 - Training Accuracy: 0.753038227558136
2023-01-12 19:06:05,634 - __main__ - INFO - Epoch 32 - Training F1-macro: 0.696
2023-01-12 19:06:16,366 - __main__ - INFO - Epoch 32 - Validation Loss: 0.595
2023-01-12 19:06:16,366 - __main__ - INFO - Epoch 32 - Validation Accuracy: 0.8784722089767456
2023-01-12 19:06:16,366 - __main__ - INFO - Epoch 32 - Validation f1-macro: 0.852
2023-01-12 19:07:43,721 - __main__ - INFO - Epoch 33 - Training Loss: 0.533
2023-01-12 19:07:43,722 - __main__ - INFO - Epoch 33 - Training Accuracy: 0.749131977558136
2023-01-12 19:07:43,722 - __main__ - INFO - Epoch 33 - Training F1-macro: 0.691
2023-01-12 19:07:54,478 - __main__ - INFO - Epoch 33 - Validation Loss: 0.559
2023-01-12 19:07:54,479 - __main__ - INFO - Epoch 33 - Validation Accuracy: 0.881944477558136
2023-01-12 19:07:54,479 - __main__ - INFO - Epoch 33 - Validation f1-macro: 0.856
2023-01-12 19:09:21,919 - __main__ - INFO - Epoch 34 - Training Loss: 0.531
2023-01-12 19:09:21,920 - __main__ - INFO - Epoch 34 - Training Accuracy: 0.749131977558136
2023-01-12 19:09:21,920 - __main__ - INFO - Epoch 34 - Training F1-macro: 0.692
2023-01-12 19:09:32,656 - __main__ - INFO - Epoch 34 - Validation Loss: 0.526
2023-01-12 19:09:32,660 - __main__ - INFO - Epoch 34 - Validation Accuracy: 0.881944477558136
2023-01-12 19:09:32,660 - __main__ - INFO - Epoch 34 - Validation f1-macro: 0.856
2023-01-12 19:11:00,010 - __main__ - INFO - Epoch 35 - Training Loss: 0.528
2023-01-12 19:11:00,011 - __main__ - INFO - Epoch 35 - Training Accuracy: 0.7478298544883728
2023-01-12 19:11:00,011 - __main__ - INFO - Epoch 35 - Training F1-macro: 0.691
2023-01-12 19:11:10,763 - __main__ - INFO - Epoch 35 - Validation Loss: 0.497
2023-01-12 19:11:10,763 - __main__ - INFO - Epoch 35 - Validation Accuracy: 0.881944477558136
2023-01-12 19:11:10,764 - __main__ - INFO - Epoch 35 - Validation f1-macro: 0.856
2023-01-12 19:12:38,063 - __main__ - INFO - Epoch 36 - Training Loss: 0.527
2023-01-12 19:12:38,064 - __main__ - INFO - Epoch 36 - Training Accuracy: 0.7456597089767456
2023-01-12 19:12:38,064 - __main__ - INFO - Epoch 36 - Training F1-macro: 0.688
2023-01-12 19:12:48,794 - __main__ - INFO - Epoch 36 - Validation Loss: 0.472
2023-01-12 19:12:48,795 - __main__ - INFO - Epoch 36 - Validation Accuracy: 0.8854166865348816
2023-01-12 19:12:48,795 - __main__ - INFO - Epoch 36 - Validation f1-macro: 0.861
2023-01-12 19:14:16,713 - __main__ - INFO - Epoch 37 - Training Loss: 0.525
2023-01-12 19:14:16,714 - __main__ - INFO - Epoch 37 - Training Accuracy: 0.7465277910232544
2023-01-12 19:14:16,714 - __main__ - INFO - Epoch 37 - Training F1-macro: 0.689
2023-01-12 19:14:27,436 - __main__ - INFO - Epoch 37 - Validation Loss: 0.451
2023-01-12 19:14:27,436 - __main__ - INFO - Epoch 37 - Validation Accuracy: 0.8854166865348816
2023-01-12 19:14:27,437 - __main__ - INFO - Epoch 37 - Validation f1-macro: 0.861
2023-01-12 19:15:55,176 - __main__ - INFO - Epoch 38 - Training Loss: 0.524
2023-01-12 19:15:55,177 - __main__ - INFO - Epoch 38 - Training Accuracy: 0.749131977558136
2023-01-12 19:15:55,177 - __main__ - INFO - Epoch 38 - Training F1-macro: 0.692
2023-01-12 19:16:05,931 - __main__ - INFO - Epoch 38 - Validation Loss: 0.434
2023-01-12 19:16:05,932 - __main__ - INFO - Epoch 38 - Validation Accuracy: 0.8854166865348816
2023-01-12 19:16:05,932 - __main__ - INFO - Epoch 38 - Validation f1-macro: 0.861
2023-01-12 19:17:33,353 - __main__ - INFO - Epoch 39 - Training Loss: 0.523
2023-01-12 19:17:33,353 - __main__ - INFO - Epoch 39 - Training Accuracy: 0.7495659589767456
2023-01-12 19:17:33,353 - __main__ - INFO - Epoch 39 - Training F1-macro: 0.693
2023-01-12 19:17:44,058 - __main__ - INFO - Epoch 39 - Validation Loss: 0.42
2023-01-12 19:17:44,063 - __main__ - INFO - Epoch 39 - Validation Accuracy: 0.8854166865348816
2023-01-12 19:17:44,064 - __main__ - INFO - Epoch 39 - Validation f1-macro: 0.861
2023-01-12 19:19:11,088 - __main__ - INFO - Epoch 40 - Training Loss: 0.522
2023-01-12 19:19:11,088 - __main__ - INFO - Epoch 40 - Training Accuracy: 0.7465277910232544
2023-01-12 19:19:11,089 - __main__ - INFO - Epoch 40 - Training F1-macro: 0.69
2023-01-12 19:19:21,797 - __main__ - INFO - Epoch 40 - Validation Loss: 0.409
2023-01-12 19:19:21,798 - __main__ - INFO - Epoch 40 - Validation Accuracy: 0.8854166865348816
2023-01-12 19:19:21,798 - __main__ - INFO - Epoch 40 - Validation f1-macro: 0.861
2023-01-12 19:20:49,006 - __main__ - INFO - Epoch 41 - Training Loss: 0.522
2023-01-12 19:20:49,006 - __main__ - INFO - Epoch 41 - Training Accuracy: 0.7482638955116272
2023-01-12 19:20:49,007 - __main__ - INFO - Epoch 41 - Training F1-macro: 0.692
2023-01-12 19:20:59,711 - __main__ - INFO - Epoch 41 - Validation Loss: 0.4
2023-01-12 19:20:59,712 - __main__ - INFO - Epoch 41 - Validation Accuracy: 0.8854166865348816
2023-01-12 19:20:59,712 - __main__ - INFO - Epoch 41 - Validation f1-macro: 0.861
2023-01-12 19:22:26,800 - __main__ - INFO - Epoch 42 - Training Loss: 0.522
2023-01-12 19:22:26,801 - __main__ - INFO - Epoch 42 - Training Accuracy: 0.7473958134651184
2023-01-12 19:22:26,801 - __main__ - INFO - Epoch 42 - Training F1-macro: 0.691
2023-01-12 19:22:37,545 - __main__ - INFO - Epoch 42 - Validation Loss: 0.394
2023-01-12 19:22:37,545 - __main__ - INFO - Epoch 42 - Validation Accuracy: 0.8854166865348816
2023-01-12 19:22:37,545 - __main__ - INFO - Epoch 42 - Validation f1-macro: 0.861
2023-01-12 19:24:05,131 - __main__ - INFO - Epoch 43 - Training Loss: 0.521
2023-01-12 19:24:05,132 - __main__ - INFO - Epoch 43 - Training Accuracy: 0.74609375
2023-01-12 19:24:05,132 - __main__ - INFO - Epoch 43 - Training F1-macro: 0.69
2023-01-12 19:24:15,863 - __main__ - INFO - Epoch 43 - Validation Loss: 0.389
2023-01-12 19:24:15,863 - __main__ - INFO - Epoch 43 - Validation Accuracy: 0.8854166865348816
2023-01-12 19:24:15,863 - __main__ - INFO - Epoch 43 - Validation f1-macro: 0.861
2023-01-12 19:25:43,355 - __main__ - INFO - Epoch 44 - Training Loss: 0.521
2023-01-12 19:25:43,356 - __main__ - INFO - Epoch 44 - Training Accuracy: 0.7469618320465088
2023-01-12 19:25:43,356 - __main__ - INFO - Epoch 44 - Training F1-macro: 0.691
2023-01-12 19:25:54,119 - __main__ - INFO - Epoch 44 - Validation Loss: 0.385
2023-01-12 19:25:54,119 - __main__ - INFO - Epoch 44 - Validation Accuracy: 0.8854166865348816
2023-01-12 19:25:54,120 - __main__ - INFO - Epoch 44 - Validation f1-macro: 0.861
2023-01-12 19:27:21,255 - __main__ - INFO - Epoch 45 - Training Loss: 0.521
2023-01-12 19:27:21,256 - __main__ - INFO - Epoch 45 - Training Accuracy: 0.7447916865348816
2023-01-12 19:27:21,256 - __main__ - INFO - Epoch 45 - Training F1-macro: 0.689
2023-01-12 19:27:31,964 - __main__ - INFO - Epoch 45 - Validation Loss: 0.382
2023-01-12 19:27:31,965 - __main__ - INFO - Epoch 45 - Validation Accuracy: 0.8854166865348816
2023-01-12 19:27:31,965 - __main__ - INFO - Epoch 45 - Validation f1-macro: 0.861
2023-01-12 19:28:59,323 - __main__ - INFO - Epoch 46 - Training Loss: 0.52
2023-01-12 19:28:59,324 - __main__ - INFO - Epoch 46 - Training Accuracy: 0.7478298544883728
2023-01-12 19:28:59,324 - __main__ - INFO - Epoch 46 - Training F1-macro: 0.693
2023-01-12 19:29:10,069 - __main__ - INFO - Epoch 46 - Validation Loss: 0.38
2023-01-12 19:29:10,072 - __main__ - INFO - Epoch 46 - Validation Accuracy: 0.8854166865348816
2023-01-12 19:29:10,072 - __main__ - INFO - Epoch 46 - Validation f1-macro: 0.861
2023-01-12 19:30:37,555 - __main__ - INFO - Epoch 47 - Training Loss: 0.52
2023-01-12 19:30:37,556 - __main__ - INFO - Epoch 47 - Training Accuracy: 0.7473958134651184
2023-01-12 19:30:37,556 - __main__ - INFO - Epoch 47 - Training F1-macro: 0.692
2023-01-12 19:30:48,306 - __main__ - INFO - Epoch 47 - Validation Loss: 0.379
2023-01-12 19:30:48,307 - __main__ - INFO - Epoch 47 - Validation Accuracy: 0.8854166865348816
2023-01-12 19:30:48,307 - __main__ - INFO - Epoch 47 - Validation f1-macro: 0.861
2023-01-12 19:32:15,990 - __main__ - INFO - Epoch 48 - Training Loss: 0.52
2023-01-12 19:32:15,991 - __main__ - INFO - Epoch 48 - Training Accuracy: 0.7443576455116272
2023-01-12 19:32:15,991 - __main__ - INFO - Epoch 48 - Training F1-macro: 0.688
2023-01-12 19:32:26,717 - __main__ - INFO - Epoch 48 - Validation Loss: 0.378
2023-01-12 19:32:26,717 - __main__ - INFO - Epoch 48 - Validation Accuracy: 0.8854166865348816
2023-01-12 19:32:26,717 - __main__ - INFO - Epoch 48 - Validation f1-macro: 0.861
2023-01-12 19:33:54,205 - __main__ - INFO - Epoch 49 - Training Loss: 0.52
2023-01-12 19:33:54,206 - __main__ - INFO - Epoch 49 - Training Accuracy: 0.7421875
2023-01-12 19:33:54,206 - __main__ - INFO - Epoch 49 - Training F1-macro: 0.686
2023-01-12 19:34:04,964 - __main__ - INFO - Epoch 49 - Validation Loss: 0.378
2023-01-12 19:34:04,964 - __main__ - INFO - Epoch 49 - Validation Accuracy: 0.8854166865348816
2023-01-12 19:34:04,965 - __main__ - INFO - Epoch 49 - Validation f1-macro: 0.861
2023-01-12 19:35:33,645 - __main__ - INFO - Epoch 50 - Training Loss: 0.52
2023-01-12 19:35:33,646 - __main__ - INFO - Epoch 50 - Training Accuracy: 0.7408854365348816
2023-01-12 19:35:33,646 - __main__ - INFO - Epoch 50 - Training F1-macro: 0.685
2023-01-12 19:35:44,359 - __main__ - INFO - Epoch 50 - Validation Loss: 0.377
2023-01-12 19:35:44,360 - __main__ - INFO - Epoch 50 - Validation Accuracy: 0.8888888955116272
2023-01-12 19:35:44,360 - __main__ - INFO - Epoch 50 - Validation f1-macro: 0.863
